Many-body Expansion Energies of Water trimer_random_100s
Calculation settings: b3lyp 6-31G* d3 vmfc
Results are listed as columns of Total Energy, Interaction Energy and N-body contribution at different expansion orders in Eh.

trimer_random_100-1
-229.218138722734 0.000000000000 0.000000000000
-229.226633215653 -0.008494492919 -0.008494492919
-229.226680308359 -0.008541585625 -0.000047092706

trimer_random_100-2
-229.218138722734 0.000000000000 0.000000000000
-229.226633215656 -0.008494492922 -0.008494492922
-229.226680308299 -0.008541585565 -0.000047092643

trimer_random_100-3
-229.218138722734 0.000000000000 0.000000000000
-229.226633215630 -0.008494492896 -0.008494492896
-229.226680308336 -0.008541585602 -0.000047092706

trimer_random_100-4
-229.218138722734 0.000000000000 0.000000000000
-229.226633215665 -0.008494492931 -0.008494492931
-229.226680308367 -0.008541585633 -0.000047092701

trimer_random_100-5
-229.218138722734 0.000000000000 0.000000000000
-229.226633215686 -0.008494492952 -0.008494492952
-229.226680308367 -0.008541585633 -0.000047092681

trimer_random_100-6
-229.218138722734 0.000000000000 0.000000000000
-229.226633215638 -0.008494492904 -0.008494492904
-229.226680308334 -0.008541585600 -0.000047092696

trimer_random_100-7
-229.218138722734 0.000000000000 0.000000000000
-229.226633215685 -0.008494492951 -0.008494492951
-229.226680308389 -0.008541585655 -0.000047092705

trimer_random_100-8
-229.218138722734 0.000000000000 0.000000000000
-229.226633215664 -0.008494492930 -0.008494492930
-229.226680308417 -0.008541585683 -0.000047092753

trimer_random_100-9
-229.218138722734 0.000000000000 0.000000000000
-229.226633215641 -0.008494492907 -0.008494492907
-229.226680308299 -0.008541585565 -0.000047092658

trimer_random_100-10
-229.218138722734 0.000000000000 0.000000000000
-229.226633215694 -0.008494492960 -0.008494492960
-229.226680308360 -0.008541585626 -0.000047092667

trimer_random_100-11
-229.218138722734 0.000000000000 0.000000000000
-229.226633215658 -0.008494492924 -0.008494492924
-229.226680308343 -0.008541585609 -0.000047092686

trimer_random_100-12
-229.218138722734 0.000000000000 0.000000000000
-229.226633215671 -0.008494492937 -0.008494492937
-229.226680308361 -0.008541585627 -0.000047092690

trimer_random_100-13
-229.218138722734 0.000000000000 0.000000000000
-229.226633215662 -0.008494492928 -0.008494492928
-229.226680308338 -0.008541585604 -0.000047092677

trimer_random_100-14
-229.218138722734 0.000000000000 0.000000000000
-229.226633215663 -0.008494492929 -0.008494492929
-229.226680308368 -0.008541585634 -0.000047092705

trimer_random_100-15
-229.218138722734 0.000000000000 0.000000000000
-229.226633215652 -0.008494492918 -0.008494492918
-229.226680308276 -0.008541585542 -0.000047092624

trimer_random_100-16
-229.218138722734 0.000000000000 0.000000000000
-229.226633215663 -0.008494492929 -0.008494492929
-229.226680308355 -0.008541585621 -0.000047092693

trimer_random_100-17
-229.218138722734 0.000000000000 0.000000000000
-229.226633215662 -0.008494492928 -0.008494492928
-229.226680308352 -0.008541585618 -0.000047092691

trimer_random_100-18
-229.218138722734 0.000000000000 0.000000000000
-229.226633215663 -0.008494492929 -0.008494492929
-229.226680308387 -0.008541585653 -0.000047092724

trimer_random_100-19
-229.218138722734 0.000000000000 0.000000000000
-229.226633215650 -0.008494492916 -0.008494492916
-229.226680308313 -0.008541585579 -0.000047092663

trimer_random_100-20
-229.218138722734 0.000000000000 0.000000000000
-229.226633215647 -0.008494492913 -0.008494492913
-229.226680308301 -0.008541585567 -0.000047092654

trimer_random_100-21
-229.218138722734 0.000000000000 0.000000000000
-229.226633215643 -0.008494492909 -0.008494492909
-229.226680308382 -0.008541585648 -0.000047092739

trimer_random_100-22
-229.218138722734 0.000000000000 0.000000000000
-229.226633215681 -0.008494492947 -0.008494492947
-229.226680308379 -0.008541585645 -0.000047092698

trimer_random_100-23
-229.218138722734 0.000000000000 0.000000000000
-229.226633215660 -0.008494492926 -0.008494492926
-229.226680308328 -0.008541585594 -0.000047092668

trimer_random_100-24
-229.218138722734 0.000000000000 0.000000000000
-229.226633215680 -0.008494492946 -0.008494492946
-229.226680308376 -0.008541585642 -0.000047092696

trimer_random_100-25
-229.218138722734 0.000000000000 0.000000000000
-229.226633215632 -0.008494492898 -0.008494492898
-229.226680308314 -0.008541585580 -0.000047092682

trimer_random_100-26
-229.218138722734 0.000000000000 0.000000000000
-229.226633215657 -0.008494492923 -0.008494492923
-229.226680308333 -0.008541585599 -0.000047092677

trimer_random_100-27
-229.218138722734 0.000000000000 0.000000000000
-229.226633215666 -0.008494492932 -0.008494492932
-229.226680308350 -0.008541585616 -0.000047092684

trimer_random_100-28
-229.218138722734 0.000000000000 0.000000000000
-229.226633215692 -0.008494492958 -0.008494492958
-229.226680308389 -0.008541585655 -0.000047092697

trimer_random_100-29
-229.218138722734 0.000000000000 0.000000000000
-229.226633215650 -0.008494492916 -0.008494492916
-229.226680308374 -0.008541585640 -0.000047092724

trimer_random_100-30
-229.218138722734 0.000000000000 0.000000000000
-229.226633215656 -0.008494492922 -0.008494492922
-229.226680308318 -0.008541585584 -0.000047092662

trimer_random_100-31
-229.218138722734 0.000000000000 0.000000000000
-229.226633215666 -0.008494492932 -0.008494492932
-229.226680308354 -0.008541585620 -0.000047092688

trimer_random_100-32
-229.218138722734 0.000000000000 0.000000000000
-229.226633215659 -0.008494492925 -0.008494492925
-229.226680308333 -0.008541585599 -0.000047092674

trimer_random_100-33
-229.218138722734 0.000000000000 0.000000000000
-229.226633215624 -0.008494492890 -0.008494492890
-229.226680308342 -0.008541585608 -0.000047092718

trimer_random_100-34
-229.218138722734 0.000000000000 0.000000000000
-229.226633215688 -0.008494492954 -0.008494492954
-229.226680308321 -0.008541585587 -0.000047092633

trimer_random_100-35
-229.218138722734 0.000000000000 0.000000000000
-229.226633215625 -0.008494492891 -0.008494492891
-229.226680308382 -0.008541585648 -0.000047092757

trimer_random_100-36
-229.218138722734 0.000000000000 0.000000000000
-229.226633215665 -0.008494492931 -0.008494492931
-229.226680308346 -0.008541585612 -0.000047092681

trimer_random_100-37
-229.218138722734 0.000000000000 0.000000000000
-229.226633215662 -0.008494492928 -0.008494492928
-229.226680308355 -0.008541585621 -0.000047092693

trimer_random_100-38
-229.218138722734 0.000000000000 0.000000000000
-229.226633215658 -0.008494492924 -0.008494492924
-229.226680308390 -0.008541585656 -0.000047092732

trimer_random_100-39
-229.218138722734 0.000000000000 0.000000000000
-229.226633215677 -0.008494492943 -0.008494492943
-229.226680308381 -0.008541585647 -0.000047092704

trimer_random_100-40
-229.218138722734 0.000000000000 0.000000000000
-229.226633215646 -0.008494492912 -0.008494492912
-229.226680308377 -0.008541585643 -0.000047092732

trimer_random_100-41
-229.218138722734 0.000000000000 0.000000000000
-229.226633215629 -0.008494492895 -0.008494492895
-229.226680308331 -0.008541585597 -0.000047092702

trimer_random_100-42
-229.218138722734 0.000000000000 0.000000000000
-229.226633215666 -0.008494492932 -0.008494492932
-229.226680308384 -0.008541585650 -0.000047092718

trimer_random_100-43
-229.218138722734 0.000000000000 0.000000000000
-229.226633215644 -0.008494492910 -0.008494492910
-229.226680308371 -0.008541585637 -0.000047092727

trimer_random_100-44
-229.218138722734 0.000000000000 0.000000000000
-229.226633215655 -0.008494492921 -0.008494492921
-229.226680308334 -0.008541585600 -0.000047092678

trimer_random_100-45
-229.218138722734 0.000000000000 0.000000000000
-229.226633215644 -0.008494492910 -0.008494492910
-229.226680308368 -0.008541585634 -0.000047092724

trimer_random_100-46
-229.218138722734 0.000000000000 0.000000000000
-229.226633215673 -0.008494492939 -0.008494492939
-229.226680308366 -0.008541585632 -0.000047092693

trimer_random_100-47
-229.218138722734 0.000000000000 0.000000000000
-229.226633215632 -0.008494492898 -0.008494492898
-229.226680308320 -0.008541585586 -0.000047092688

trimer_random_100-48
-229.218138722734 0.000000000000 0.000000000000
-229.226633215678 -0.008494492944 -0.008494492944
-229.226680308371 -0.008541585637 -0.000047092693

trimer_random_100-49
-229.218138722734 0.000000000000 0.000000000000
-229.226633215665 -0.008494492931 -0.008494492931
-229.226680308357 -0.008541585623 -0.000047092693

trimer_random_100-50
-229.218138722734 0.000000000000 0.000000000000
-229.226633215669 -0.008494492935 -0.008494492935
-229.226680308402 -0.008541585668 -0.000047092734

trimer_random_100-51
-229.218138722734 0.000000000000 0.000000000000
-229.226633215678 -0.008494492944 -0.008494492944
-229.226680308337 -0.008541585603 -0.000047092658

trimer_random_100-52
-229.218138722734 0.000000000000 0.000000000000
-229.226633215673 -0.008494492939 -0.008494492939
-229.226680308361 -0.008541585627 -0.000047092688

trimer_random_100-53
-229.218138722734 0.000000000000 0.000000000000
-229.226633215683 -0.008494492949 -0.008494492949
-229.226680308395 -0.008541585661 -0.000047092712

trimer_random_100-54
-229.218138722734 0.000000000000 0.000000000000
-229.226633215655 -0.008494492921 -0.008494492921
-229.226680308337 -0.008541585603 -0.000047092682

trimer_random_100-55
-229.218138722734 0.000000000000 0.000000000000
-229.226633215640 -0.008494492906 -0.008494492906
-229.226680308326 -0.008541585592 -0.000047092686

trimer_random_100-56
-229.218138722734 0.000000000000 0.000000000000
-229.226633215652 -0.008494492918 -0.008494492918
-229.226680308311 -0.008541585577 -0.000047092659

trimer_random_100-57
-229.218138722734 0.000000000000 0.000000000000
-229.226633215682 -0.008494492948 -0.008494492948
-229.226680308413 -0.008541585679 -0.000047092731

trimer_random_100-58
-229.218138722734 0.000000000000 0.000000000000
-229.226633215648 -0.008494492914 -0.008494492914
-229.226680308302 -0.008541585568 -0.000047092654

trimer_random_100-59
-229.218138722734 0.000000000000 0.000000000000
-229.226633215672 -0.008494492938 -0.008494492938
-229.226680308380 -0.008541585646 -0.000047092708

trimer_random_100-60
-229.218138722734 0.000000000000 0.000000000000
-229.226633215676 -0.008494492942 -0.008494492942
-229.226680308388 -0.008541585654 -0.000047092712

trimer_random_100-61
-229.218138722734 0.000000000000 0.000000000000
-229.226633215699 -0.008494492965 -0.008494492965
-229.226680308392 -0.008541585658 -0.000047092693

trimer_random_100-62
-229.218138722734 0.000000000000 0.000000000000
-229.226633215631 -0.008494492897 -0.008494492897
-229.226680308335 -0.008541585601 -0.000047092705

trimer_random_100-63
-229.218138722734 0.000000000000 0.000000000000
-229.226633215665 -0.008494492931 -0.008494492931
-229.226680308382 -0.008541585648 -0.000047092717

trimer_random_100-64
-229.218138722734 0.000000000000 0.000000000000
-229.226633215662 -0.008494492928 -0.008494492928
-229.226680308392 -0.008541585658 -0.000047092731

trimer_random_100-65
-229.218138722734 0.000000000000 0.000000000000
-229.226633215670 -0.008494492936 -0.008494492936
-229.226680308370 -0.008541585636 -0.000047092700

trimer_random_100-66
-229.218138722734 0.000000000000 0.000000000000
-229.226633215652 -0.008494492918 -0.008494492918
-229.226680308326 -0.008541585592 -0.000047092674

trimer_random_100-67
-229.218138722734 0.000000000000 0.000000000000
-229.226633215639 -0.008494492905 -0.008494492905
-229.226680308347 -0.008541585613 -0.000047092708

trimer_random_100-68
-229.218138722734 0.000000000000 0.000000000000
-229.226633215645 -0.008494492911 -0.008494492911
-229.226680308312 -0.008541585578 -0.000047092667

trimer_random_100-69
-229.218138722734 0.000000000000 0.000000000000
-229.226633215658 -0.008494492924 -0.008494492924
-229.226680308347 -0.008541585613 -0.000047092688

trimer_random_100-70
-229.218138722734 0.000000000000 0.000000000000
-229.226633215635 -0.008494492901 -0.008494492901
-229.226680308362 -0.008541585628 -0.000047092727

trimer_random_100-71
-229.218138722734 0.000000000000 0.000000000000
-229.226633215691 -0.008494492957 -0.008494492957
-229.226680308383 -0.008541585649 -0.000047092693

trimer_random_100-72
-229.218138722734 0.000000000000 0.000000000000
-229.226633215654 -0.008494492920 -0.008494492920
-229.226680308334 -0.008541585600 -0.000047092680

trimer_random_100-73
-229.218138722734 0.000000000000 0.000000000000
-229.226633215648 -0.008494492914 -0.008494492914
-229.226680308336 -0.008541585602 -0.000047092688

trimer_random_100-74
-229.218138722734 0.000000000000 0.000000000000
-229.226633215681 -0.008494492947 -0.008494492947
-229.226680308424 -0.008541585690 -0.000047092743

trimer_random_100-75
-229.218138722734 0.000000000000 0.000000000000
-229.226633215636 -0.008494492902 -0.008494492902
-229.226680308283 -0.008541585549 -0.000047092648

trimer_random_100-76
-229.218138722734 0.000000000000 0.000000000000
-229.226633215686 -0.008494492952 -0.008494492952
-229.226680308372 -0.008541585638 -0.000047092686

trimer_random_100-77
-229.218138722734 0.000000000000 0.000000000000
-229.226633215689 -0.008494492955 -0.008494492955
-229.226680308402 -0.008541585668 -0.000047092713

trimer_random_100-78
-229.218138722734 0.000000000000 0.000000000000
-229.226633215676 -0.008494492942 -0.008494492942
-229.226680308389 -0.008541585655 -0.000047092713

trimer_random_100-79
-229.218138722734 0.000000000000 0.000000000000
-229.226633215655 -0.008494492921 -0.008494492921
-229.226680308362 -0.008541585628 -0.000047092707

trimer_random_100-80
-229.218138722734 0.000000000000 0.000000000000
-229.226633215636 -0.008494492902 -0.008494492902
-229.226680308325 -0.008541585591 -0.000047092689

trimer_random_100-81
-229.218138722734 0.000000000000 0.000000000000
-229.226633215678 -0.008494492944 -0.008494492944
-229.226680308332 -0.008541585598 -0.000047092654

trimer_random_100-82
-229.218138722734 0.000000000000 0.000000000000
-229.226633215666 -0.008494492932 -0.008494492932
-229.226680308342 -0.008541585608 -0.000047092677

trimer_random_100-83
-229.218138722734 0.000000000000 0.000000000000
-229.226633215685 -0.008494492951 -0.008494492951
-229.226680308363 -0.008541585629 -0.000047092678

trimer_random_100-84
-229.218138722734 0.000000000000 0.000000000000
-229.226633215663 -0.008494492929 -0.008494492929
-229.226680308406 -0.008541585672 -0.000047092743

trimer_random_100-85
-229.218138722734 0.000000000000 0.000000000000
-229.226633215662 -0.008494492928 -0.008494492928
-229.226680308365 -0.008541585631 -0.000047092703

trimer_random_100-86
-229.218138722734 0.000000000000 0.000000000000
-229.226633215632 -0.008494492898 -0.008494492898
-229.226680308344 -0.008541585610 -0.000047092712

trimer_random_100-87
-229.218138722734 0.000000000000 0.000000000000
-229.226633215679 -0.008494492945 -0.008494492945
-229.226680308377 -0.008541585643 -0.000047092698

trimer_random_100-88
-229.218138722734 0.000000000000 0.000000000000
-229.226633215633 -0.008494492899 -0.008494492899
-229.226680308369 -0.008541585635 -0.000047092736

trimer_random_100-89
-229.218138722734 0.000000000000 0.000000000000
-229.226633215669 -0.008494492935 -0.008494492935
-229.226680308369 -0.008541585635 -0.000047092699

trimer_random_100-90
-229.218138722734 0.000000000000 0.000000000000
-229.226633215673 -0.008494492939 -0.008494492939
-229.226680308370 -0.008541585636 -0.000047092697

trimer_random_100-91
-229.218138722734 0.000000000000 0.000000000000
-229.226633215627 -0.008494492893 -0.008494492893
-229.226680308334 -0.008541585600 -0.000047092707

trimer_random_100-92
-229.218138722734 0.000000000000 0.000000000000
-229.226633215662 -0.008494492928 -0.008494492928
-229.226680308374 -0.008541585640 -0.000047092712

trimer_random_100-93
-229.218138722734 0.000000000000 0.000000000000
-229.226633215672 -0.008494492938 -0.008494492938
-229.226680308329 -0.008541585595 -0.000047092658

trimer_random_100-94
-229.218138722734 0.000000000000 0.000000000000
-229.226633215641 -0.008494492907 -0.008494492907
-229.226680308334 -0.008541585600 -0.000047092693

trimer_random_100-95
-229.218138722734 0.000000000000 0.000000000000
-229.226633215637 -0.008494492903 -0.008494492903
-229.226680308334 -0.008541585600 -0.000047092697

trimer_random_100-96
-229.218138722734 0.000000000000 0.000000000000
-229.226633215661 -0.008494492927 -0.008494492927
-229.226680308365 -0.008541585631 -0.000047092704

trimer_random_100-97
-229.218138722734 0.000000000000 0.000000000000
-229.226633215662 -0.008494492928 -0.008494492928
-229.226680308380 -0.008541585646 -0.000047092719

trimer_random_100-98
-229.218138722734 0.000000000000 0.000000000000
-229.226633215670 -0.008494492936 -0.008494492936
-229.226680308317 -0.008541585583 -0.000047092647

trimer_random_100-99
-229.218138722734 0.000000000000 0.000000000000
-229.226633215652 -0.008494492918 -0.008494492918
-229.226680308357 -0.008541585623 -0.000047092705

trimer_random_100-100
-229.218138722734 0.000000000000 0.000000000000
-229.226633215638 -0.008494492904 -0.008494492904
-229.226680308285 -0.008541585551 -0.000047092647

