Many-body Expansion Energies of Water trimer_sub3f_4_5230s
Calculation settings: b3lyp 6-31G* d3 vmfc
Results are listed as columns of Total Energy, Interaction Energy and N-body contribution at different expansion orders in Eh.

trimer_sub3f_4_5230-1
-229.225948530567 0.000000000000 0.000000000000
-229.242983495214 -0.017034964647 -0.017034964647
-229.242051209642 -0.016102679076 0.000932285571

trimer_sub3f_4_5230-2
-229.225948530567 0.000000000000 0.000000000000
-229.242983495303 -0.017034964736 -0.017034964736
-229.242051209672 -0.016102679106 0.000932285630

trimer_sub3f_4_5230-3
-229.225948530567 0.000000000000 0.000000000000
-229.242983495198 -0.017034964631 -0.017034964631
-229.242051209626 -0.016102679059 0.000932285572

trimer_sub3f_4_5230-4
-229.225948530567 0.000000000000 0.000000000000
-229.242983495237 -0.017034964670 -0.017034964670
-229.242051209644 -0.016102679078 0.000932285593

trimer_sub3f_4_5230-5
-229.225948530567 0.000000000000 0.000000000000
-229.242983495229 -0.017034964663 -0.017034964663
-229.242051209662 -0.016102679095 0.000932285567

trimer_sub3f_4_5230-6
-229.225948530567 0.000000000000 0.000000000000
-229.242983495265 -0.017034964699 -0.017034964699
-229.242051209697 -0.016102679130 0.000932285569

trimer_sub3f_4_5230-7
-229.225948530567 0.000000000000 0.000000000000
-229.242983495273 -0.017034964707 -0.017034964707
-229.242051209721 -0.016102679154 0.000932285552

trimer_sub3f_4_5230-8
-229.225948530567 0.000000000000 0.000000000000
-229.242983495303 -0.017034964736 -0.017034964736
-229.242051209733 -0.016102679166 0.000932285570

trimer_sub3f_4_5230-9
-229.225948530567 0.000000000000 0.000000000000
-229.242983495279 -0.017034964713 -0.017034964713
-229.242051209688 -0.016102679121 0.000932285591

trimer_sub3f_4_5230-10
-229.225948530567 0.000000000000 0.000000000000
-229.242983495251 -0.017034964685 -0.017034964685
-229.242051209672 -0.016102679106 0.000932285579

trimer_sub3f_4_5230-11
-229.225948530567 0.000000000000 0.000000000000
-229.242983495291 -0.017034964725 -0.017034964725
-229.242051209719 -0.016102679153 0.000932285572

trimer_sub3f_4_5230-12
-229.225948530567 0.000000000000 0.000000000000
-229.242983495266 -0.017034964700 -0.017034964700
-229.242051209715 -0.016102679148 0.000932285552

trimer_sub3f_4_5230-13
-229.225948530567 0.000000000000 0.000000000000
-229.242983495247 -0.017034964681 -0.017034964681
-229.242051209697 -0.016102679130 0.000932285550

trimer_sub3f_4_5230-14
-229.225948530567 0.000000000000 0.000000000000
-229.242983495263 -0.017034964696 -0.017034964696
-229.242051209650 -0.016102679084 0.000932285612

trimer_sub3f_4_5230-15
-229.225948530567 0.000000000000 0.000000000000
-229.242983495225 -0.017034964659 -0.017034964659
-229.242051209698 -0.016102679131 0.000932285528

trimer_sub3f_4_5230-16
-229.225948530567 0.000000000000 0.000000000000
-229.242983495303 -0.017034964736 -0.017034964736
-229.242051209700 -0.016102679134 0.000932285603

trimer_sub3f_4_5230-17
-229.225948530567 0.000000000000 0.000000000000
-229.242983495228 -0.017034964661 -0.017034964661
-229.242051209642 -0.016102679076 0.000932285585

trimer_sub3f_4_5230-18
-229.225948530567 0.000000000000 0.000000000000
-229.242983495281 -0.017034964715 -0.017034964715
-229.242051209756 -0.016102679190 0.000932285525

trimer_sub3f_4_5230-19
-229.225948530567 0.000000000000 0.000000000000
-229.242983495199 -0.017034964633 -0.017034964633
-229.242051209603 -0.016102679037 0.000932285596

trimer_sub3f_4_5230-20
-229.225948530567 0.000000000000 0.000000000000
-229.242983495281 -0.017034964714 -0.017034964714
-229.242051209709 -0.016102679142 0.000932285572

trimer_sub3f_4_5230-21
-229.225948530567 0.000000000000 0.000000000000
-229.242983495231 -0.017034964665 -0.017034964665
-229.242051209656 -0.016102679089 0.000932285575

trimer_sub3f_4_5230-22
-229.225948530567 0.000000000000 0.000000000000
-229.242983495260 -0.017034964694 -0.017034964694
-229.242051209697 -0.016102679131 0.000932285563

trimer_sub3f_4_5230-23
-229.225948530567 0.000000000000 0.000000000000
-229.242983495299 -0.017034964732 -0.017034964732
-229.242051209713 -0.016102679146 0.000932285586

trimer_sub3f_4_5230-24
-229.225948530567 0.000000000000 0.000000000000
-229.242983495277 -0.017034964711 -0.017034964711
-229.242051209705 -0.016102679139 0.000932285572

trimer_sub3f_4_5230-25
-229.225948530567 0.000000000000 0.000000000000
-229.242983495255 -0.017034964689 -0.017034964689
-229.242051209697 -0.016102679130 0.000932285558

trimer_sub3f_4_5230-26
-229.225948530567 0.000000000000 0.000000000000
-229.242983495210 -0.017034964643 -0.017034964643
-229.242051209631 -0.016102679065 0.000932285579

trimer_sub3f_4_5230-27
-229.225948530567 0.000000000000 0.000000000000
-229.242983495230 -0.017034964663 -0.017034964663
-229.242051209683 -0.016102679116 0.000932285547

trimer_sub3f_4_5230-28
-229.225948530567 0.000000000000 0.000000000000
-229.242983495252 -0.017034964685 -0.017034964685
-229.242051209679 -0.016102679112 0.000932285573

trimer_sub3f_4_5230-29
-229.225948530567 0.000000000000 0.000000000000
-229.242983495196 -0.017034964629 -0.017034964629
-229.242051209627 -0.016102679061 0.000932285569

trimer_sub3f_4_5230-30
-229.225948530567 0.000000000000 0.000000000000
-229.242983495200 -0.017034964634 -0.017034964634
-229.242051209627 -0.016102679061 0.000932285573

trimer_sub3f_4_5230-31
-229.225948530567 0.000000000000 0.000000000000
-229.242983495265 -0.017034964698 -0.017034964698
-229.242051209680 -0.016102679113 0.000932285585

trimer_sub3f_4_5230-32
-229.225948530567 0.000000000000 0.000000000000
-229.242983495283 -0.017034964716 -0.017034964716
-229.242051209738 -0.016102679172 0.000932285544

trimer_sub3f_4_5230-33
-229.225948530567 0.000000000000 0.000000000000
-229.242983495252 -0.017034964685 -0.017034964685
-229.242051209670 -0.016102679103 0.000932285582

trimer_sub3f_4_5230-34
-229.225948530567 0.000000000000 0.000000000000
-229.242983495207 -0.017034964641 -0.017034964641
-229.242051209625 -0.016102679059 0.000932285582

trimer_sub3f_4_5230-35
-229.225948530567 0.000000000000 0.000000000000
-229.242983495258 -0.017034964691 -0.017034964691
-229.242051209649 -0.016102679082 0.000932285609

trimer_sub3f_4_5230-36
-229.225948530567 0.000000000000 0.000000000000
-229.242983495225 -0.017034964659 -0.017034964659
-229.242051209657 -0.016102679090 0.000932285569

trimer_sub3f_4_5230-37
-229.225948530567 0.000000000000 0.000000000000
-229.242983495229 -0.017034964663 -0.017034964663
-229.242051209657 -0.016102679091 0.000932285572

trimer_sub3f_4_5230-38
-229.225948530567 0.000000000000 0.000000000000
-229.242983495299 -0.017034964733 -0.017034964733
-229.242051209714 -0.016102679147 0.000932285585

trimer_sub3f_4_5230-39
-229.225948530567 0.000000000000 0.000000000000
-229.242983495238 -0.017034964672 -0.017034964672
-229.242051209700 -0.016102679133 0.000932285539

trimer_sub3f_4_5230-40
-229.225948530567 0.000000000000 0.000000000000
-229.242983495230 -0.017034964663 -0.017034964663
-229.242051209637 -0.016102679070 0.000932285593

trimer_sub3f_4_5230-41
-229.225948530567 0.000000000000 0.000000000000
-229.242983495247 -0.017034964681 -0.017034964681
-229.242051209669 -0.016102679103 0.000932285578

trimer_sub3f_4_5230-42
-229.225948530567 0.000000000000 0.000000000000
-229.242983495243 -0.017034964676 -0.017034964676
-229.242051209643 -0.016102679077 0.000932285600

trimer_sub3f_4_5230-43
-229.225948530567 0.000000000000 0.000000000000
-229.242983495267 -0.017034964701 -0.017034964701
-229.242051209699 -0.016102679132 0.000932285569

trimer_sub3f_4_5230-44
-229.225948530567 0.000000000000 0.000000000000
-229.242983495242 -0.017034964675 -0.017034964675
-229.242051209669 -0.016102679102 0.000932285573

trimer_sub3f_4_5230-45
-229.225948530567 0.000000000000 0.000000000000
-229.242983495278 -0.017034964711 -0.017034964711
-229.242051209693 -0.016102679126 0.000932285585

trimer_sub3f_4_5230-46
-229.225948530567 0.000000000000 0.000000000000
-229.242983495197 -0.017034964630 -0.017034964630
-229.242051209639 -0.016102679073 0.000932285557

trimer_sub3f_4_5230-47
-229.225948530567 0.000000000000 0.000000000000
-229.242983495219 -0.017034964653 -0.017034964653
-229.242051209675 -0.016102679108 0.000932285544

trimer_sub3f_4_5230-48
-229.225948530567 0.000000000000 0.000000000000
-229.242983495286 -0.017034964720 -0.017034964720
-229.242051209715 -0.016102679148 0.000932285572

trimer_sub3f_4_5230-49
-229.225948530567 0.000000000000 0.000000000000
-229.242983495269 -0.017034964703 -0.017034964703
-229.242051209707 -0.016102679141 0.000932285562

trimer_sub3f_4_5230-50
-229.225948530567 0.000000000000 0.000000000000
-229.242983495244 -0.017034964678 -0.017034964678
-229.242051209663 -0.016102679096 0.000932285581

trimer_sub3f_4_5230-51
-229.225948530567 0.000000000000 0.000000000000
-229.242983495254 -0.017034964688 -0.017034964688
-229.242051209686 -0.016102679119 0.000932285569

trimer_sub3f_4_5230-52
-229.225948530567 0.000000000000 0.000000000000
-229.242983495265 -0.017034964698 -0.017034964698
-229.242051209686 -0.016102679120 0.000932285579

trimer_sub3f_4_5230-53
-229.225948530567 0.000000000000 0.000000000000
-229.242983495253 -0.017034964687 -0.017034964687
-229.242051209667 -0.016102679100 0.000932285586

trimer_sub3f_4_5230-54
-229.225948530567 0.000000000000 0.000000000000
-229.242983495260 -0.017034964694 -0.017034964694
-229.242051209695 -0.016102679129 0.000932285565

trimer_sub3f_4_5230-55
-229.225948530567 0.000000000000 0.000000000000
-229.242983495253 -0.017034964686 -0.017034964686
-229.242051209718 -0.016102679151 0.000932285535

trimer_sub3f_4_5230-56
-229.225948530567 0.000000000000 0.000000000000
-229.242983495219 -0.017034964653 -0.017034964653
-229.242051209633 -0.016102679066 0.000932285586

trimer_sub3f_4_5230-57
-229.225948530567 0.000000000000 0.000000000000
-229.242983495300 -0.017034964734 -0.017034964734
-229.242051209684 -0.016102679117 0.000932285616

trimer_sub3f_4_5230-58
-229.225948530567 0.000000000000 0.000000000000
-229.242983495248 -0.017034964681 -0.017034964681
-229.242051209655 -0.016102679088 0.000932285593

trimer_sub3f_4_5230-59
-229.225948530567 0.000000000000 0.000000000000
-229.242983495285 -0.017034964719 -0.017034964719
-229.242051209738 -0.016102679172 0.000932285547

trimer_sub3f_4_5230-60
-229.225948530567 0.000000000000 0.000000000000
-229.242983495246 -0.017034964679 -0.017034964679
-229.242051209649 -0.016102679082 0.000932285597

trimer_sub3f_4_5230-61
-229.225948530567 0.000000000000 0.000000000000
-229.242983495291 -0.017034964724 -0.017034964724
-229.242051209719 -0.016102679152 0.000932285572

trimer_sub3f_4_5230-62
-229.225948530567 0.000000000000 0.000000000000
-229.242983495260 -0.017034964694 -0.017034964694
-229.242051209675 -0.016102679108 0.000932285585

trimer_sub3f_4_5230-63
-229.225948530567 0.000000000000 0.000000000000
-229.242983495252 -0.017034964686 -0.017034964686
-229.242051209677 -0.016102679110 0.000932285575

trimer_sub3f_4_5230-64
-229.225948530567 0.000000000000 0.000000000000
-229.242983495234 -0.017034964667 -0.017034964667
-229.242051209682 -0.016102679116 0.000932285551

trimer_sub3f_4_5230-65
-229.225948530567 0.000000000000 0.000000000000
-229.242983495210 -0.017034964643 -0.017034964643
-229.242051209675 -0.016102679108 0.000932285535

trimer_sub3f_4_5230-66
-229.225948530567 0.000000000000 0.000000000000
-229.242983495278 -0.017034964712 -0.017034964712
-229.242051209668 -0.016102679101 0.000932285611

trimer_sub3f_4_5230-67
-229.225948530567 0.000000000000 0.000000000000
-229.242983495273 -0.017034964706 -0.017034964706
-229.242051209648 -0.016102679082 0.000932285624

trimer_sub3f_4_5230-68
-229.225948530567 0.000000000000 0.000000000000
-229.242983495228 -0.017034964661 -0.017034964661
-229.242051209639 -0.016102679073 0.000932285588

trimer_sub3f_4_5230-69
-229.225948530567 0.000000000000 0.000000000000
-229.242983495259 -0.017034964692 -0.017034964692
-229.242051209697 -0.016102679130 0.000932285562

trimer_sub3f_4_5230-70
-229.225948530567 0.000000000000 0.000000000000
-229.242983495254 -0.017034964688 -0.017034964688
-229.242051209669 -0.016102679103 0.000932285585

trimer_sub3f_4_5230-71
-229.225948530567 0.000000000000 0.000000000000
-229.242983495252 -0.017034964686 -0.017034964686
-229.242051209661 -0.016102679094 0.000932285591

trimer_sub3f_4_5230-72
-229.225948530567 0.000000000000 0.000000000000
-229.242983495258 -0.017034964692 -0.017034964692
-229.242051209672 -0.016102679105 0.000932285586

trimer_sub3f_4_5230-73
-229.225948530567 0.000000000000 0.000000000000
-229.242983495226 -0.017034964660 -0.017034964660
-229.242051209622 -0.016102679055 0.000932285604

trimer_sub3f_4_5230-74
-229.225948530567 0.000000000000 0.000000000000
-229.242983495281 -0.017034964715 -0.017034964715
-229.242051209715 -0.016102679149 0.000932285566

trimer_sub3f_4_5230-75
-229.225948530567 0.000000000000 0.000000000000
-229.242983495270 -0.017034964703 -0.017034964703
-229.242051209742 -0.016102679176 0.000932285528

trimer_sub3f_4_5230-76
-229.225948530567 0.000000000000 0.000000000000
-229.242983495246 -0.017034964679 -0.017034964679
-229.242051209646 -0.016102679080 0.000932285600

trimer_sub3f_4_5230-77
-229.225948530567 0.000000000000 0.000000000000
-229.242983495244 -0.017034964678 -0.017034964678
-229.242051209686 -0.016102679120 0.000932285558

trimer_sub3f_4_5230-78
-229.225948530567 0.000000000000 0.000000000000
-229.242983495282 -0.017034964716 -0.017034964716
-229.242051209718 -0.016102679151 0.000932285565

trimer_sub3f_4_5230-79
-229.225948530567 0.000000000000 0.000000000000
-229.242983495219 -0.017034964653 -0.017034964653
-229.242051209623 -0.016102679057 0.000932285596

trimer_sub3f_4_5230-80
-229.225948530567 0.000000000000 0.000000000000
-229.242983495234 -0.017034964667 -0.017034964667
-229.242051209662 -0.016102679095 0.000932285572

trimer_sub3f_4_5230-81
-229.225948530567 0.000000000000 0.000000000000
-229.242983495246 -0.017034964680 -0.017034964680
-229.242051209706 -0.016102679139 0.000932285540

trimer_sub3f_4_5230-82
-229.225948530567 0.000000000000 0.000000000000
-229.242983495244 -0.017034964677 -0.017034964677
-229.242051209646 -0.016102679079 0.000932285598

trimer_sub3f_4_5230-83
-229.225948530567 0.000000000000 0.000000000000
-229.242983495273 -0.017034964707 -0.017034964707
-229.242051209715 -0.016102679148 0.000932285559

trimer_sub3f_4_5230-84
-229.225948530567 0.000000000000 0.000000000000
-229.242983495256 -0.017034964690 -0.017034964690
-229.242051209673 -0.016102679106 0.000932285583

trimer_sub3f_4_5230-85
-229.225948530567 0.000000000000 0.000000000000
-229.242983495225 -0.017034964659 -0.017034964659
-229.242051209606 -0.016102679040 0.000932285619

trimer_sub3f_4_5230-86
-229.225948530567 0.000000000000 0.000000000000
-229.242983495267 -0.017034964701 -0.017034964701
-229.242051209717 -0.016102679150 0.000932285551

trimer_sub3f_4_5230-87
-229.225948530567 0.000000000000 0.000000000000
-229.242983495259 -0.017034964693 -0.017034964693
-229.242051209659 -0.016102679093 0.000932285600

trimer_sub3f_4_5230-88
-229.225948530567 0.000000000000 0.000000000000
-229.242983495280 -0.017034964714 -0.017034964714
-229.242051209708 -0.016102679142 0.000932285572

trimer_sub3f_4_5230-89
-229.225948530567 0.000000000000 0.000000000000
-229.242983495279 -0.017034964713 -0.017034964713
-229.242051209656 -0.016102679089 0.000932285623

trimer_sub3f_4_5230-90
-229.225948530567 0.000000000000 0.000000000000
-229.242983495261 -0.017034964695 -0.017034964695
-229.242051209730 -0.016102679164 0.000932285531

trimer_sub3f_4_5230-91
-229.225948530567 0.000000000000 0.000000000000
-229.242983495247 -0.017034964680 -0.017034964680
-229.242051209719 -0.016102679153 0.000932285528

trimer_sub3f_4_5230-92
-229.225948530567 0.000000000000 0.000000000000
-229.242983495184 -0.017034964617 -0.017034964617
-229.242051209592 -0.016102679026 0.000932285591

trimer_sub3f_4_5230-93
-229.225948530567 0.000000000000 0.000000000000
-229.242983495250 -0.017034964684 -0.017034964684
-229.242051209671 -0.016102679105 0.000932285579

trimer_sub3f_4_5230-94
-229.225948530567 0.000000000000 0.000000000000
-229.242983495216 -0.017034964650 -0.017034964650
-229.242051209649 -0.016102679083 0.000932285567

trimer_sub3f_4_5230-95
-229.225948530567 0.000000000000 0.000000000000
-229.242983495250 -0.017034964683 -0.017034964683
-229.242051209658 -0.016102679092 0.000932285591

trimer_sub3f_4_5230-96
-229.225948530567 0.000000000000 0.000000000000
-229.242983495244 -0.017034964678 -0.017034964678
-229.242051209640 -0.016102679073 0.000932285605

trimer_sub3f_4_5230-97
-229.225948530567 0.000000000000 0.000000000000
-229.242983495240 -0.017034964674 -0.017034964674
-229.242051209655 -0.016102679089 0.000932285585

trimer_sub3f_4_5230-98
-229.225948530567 0.000000000000 0.000000000000
-229.242983495208 -0.017034964642 -0.017034964642
-229.242051209636 -0.016102679070 0.000932285572

trimer_sub3f_4_5230-99
-229.225948530567 0.000000000000 0.000000000000
-229.242983495229 -0.017034964662 -0.017034964662
-229.242051209694 -0.016102679127 0.000932285535

trimer_sub3f_4_5230-100
-229.225948530567 0.000000000000 0.000000000000
-229.242983495219 -0.017034964652 -0.017034964652
-229.242051209632 -0.016102679066 0.000932285586

trimer_sub3f_4_5230-101
-229.225948530567 0.000000000000 0.000000000000
-229.242983495252 -0.017034964686 -0.017034964686
-229.242051209660 -0.016102679093 0.000932285593

trimer_sub3f_4_5230-102
-229.225948530567 0.000000000000 0.000000000000
-229.242983495256 -0.017034964690 -0.017034964690
-229.242051209679 -0.016102679113 0.000932285577

trimer_sub3f_4_5230-103
-229.225948530567 0.000000000000 0.000000000000
-229.242983495189 -0.017034964622 -0.017034964622
-229.242051209593 -0.016102679026 0.000932285596

trimer_sub3f_4_5230-104
-229.225948530567 0.000000000000 0.000000000000
-229.242983495226 -0.017034964660 -0.017034964660
-229.242051209701 -0.016102679135 0.000932285525

trimer_sub3f_4_5230-105
-229.225948530567 0.000000000000 0.000000000000
-229.242983495193 -0.017034964627 -0.017034964627
-229.242051209594 -0.016102679027 0.000932285600

trimer_sub3f_4_5230-106
-229.225948530567 0.000000000000 0.000000000000
-229.242983495257 -0.017034964691 -0.017034964691
-229.242051209685 -0.016102679119 0.000932285572

trimer_sub3f_4_5230-107
-229.225948530567 0.000000000000 0.000000000000
-229.242983495256 -0.017034964689 -0.017034964689
-229.242051209678 -0.016102679112 0.000932285577

trimer_sub3f_4_5230-108
-229.225948530567 0.000000000000 0.000000000000
-229.242983495238 -0.017034964672 -0.017034964672
-229.242051209714 -0.016102679147 0.000932285525

trimer_sub3f_4_5230-109
-229.225948530567 0.000000000000 0.000000000000
-229.242983495254 -0.017034964688 -0.017034964688
-229.242051209713 -0.016102679147 0.000932285541

trimer_sub3f_4_5230-110
-229.225948530567 0.000000000000 0.000000000000
-229.242983495260 -0.017034964693 -0.017034964693
-229.242051209688 -0.016102679121 0.000932285572

trimer_sub3f_4_5230-111
-229.225948530567 0.000000000000 0.000000000000
-229.242983495287 -0.017034964721 -0.017034964721
-229.242051209740 -0.016102679174 0.000932285547

trimer_sub3f_4_5230-112
-229.225948530567 0.000000000000 0.000000000000
-229.242983495230 -0.017034964663 -0.017034964663
-229.242051209653 -0.016102679086 0.000932285577

trimer_sub3f_4_5230-113
-229.225948530567 0.000000000000 0.000000000000
-229.242983495250 -0.017034964684 -0.017034964684
-229.242051209647 -0.016102679081 0.000932285603

trimer_sub3f_4_5230-114
-229.225948530567 0.000000000000 0.000000000000
-229.242983495219 -0.017034964653 -0.017034964653
-229.242051209640 -0.016102679074 0.000932285579

trimer_sub3f_4_5230-115
-229.225948530567 0.000000000000 0.000000000000
-229.242983495246 -0.017034964679 -0.017034964679
-229.242051209713 -0.016102679146 0.000932285533

trimer_sub3f_4_5230-116
-229.225948530567 0.000000000000 0.000000000000
-229.242983495186 -0.017034964620 -0.017034964620
-229.242051209619 -0.016102679052 0.000932285567

trimer_sub3f_4_5230-117
-229.225948530567 0.000000000000 0.000000000000
-229.242983495266 -0.017034964700 -0.017034964700
-229.242051209708 -0.016102679141 0.000932285559

trimer_sub3f_4_5230-118
-229.225948530567 0.000000000000 0.000000000000
-229.242983495213 -0.017034964646 -0.017034964646
-229.242051209661 -0.016102679094 0.000932285552

trimer_sub3f_4_5230-119
-229.225948530567 0.000000000000 0.000000000000
-229.242983495195 -0.017034964628 -0.017034964628
-229.242051209626 -0.016102679059 0.000932285569

trimer_sub3f_4_5230-120
-229.225948530567 0.000000000000 0.000000000000
-229.242983495291 -0.017034964725 -0.017034964725
-229.242051209718 -0.016102679152 0.000932285573

trimer_sub3f_4_5230-121
-229.225948530567 0.000000000000 0.000000000000
-229.242983495213 -0.017034964646 -0.017034964646
-229.242051209608 -0.016102679041 0.000932285605

trimer_sub3f_4_5230-122
-229.225948530567 0.000000000000 0.000000000000
-229.242983495242 -0.017034964676 -0.017034964676
-229.242051209722 -0.016102679155 0.000932285521

trimer_sub3f_4_5230-123
-229.225948530567 0.000000000000 0.000000000000
-229.242983495287 -0.017034964721 -0.017034964721
-229.242051209730 -0.016102679163 0.000932285557

trimer_sub3f_4_5230-124
-229.225948530567 0.000000000000 0.000000000000
-229.242983495259 -0.017034964692 -0.017034964692
-229.242051209680 -0.016102679113 0.000932285579

trimer_sub3f_4_5230-125
-229.225948530567 0.000000000000 0.000000000000
-229.242983495312 -0.017034964746 -0.017034964746
-229.242051209743 -0.016102679176 0.000932285569

trimer_sub3f_4_5230-126
-229.225948530567 0.000000000000 0.000000000000
-229.242983495255 -0.017034964689 -0.017034964689
-229.242051209657 -0.016102679090 0.000932285598

trimer_sub3f_4_5230-127
-229.225948530567 0.000000000000 0.000000000000
-229.242983495279 -0.017034964712 -0.017034964712
-229.242051209744 -0.016102679177 0.000932285535

trimer_sub3f_4_5230-128
-229.225948530567 0.000000000000 0.000000000000
-229.242983495277 -0.017034964710 -0.017034964710
-229.242051209764 -0.016102679197 0.000932285513

trimer_sub3f_4_5230-129
-229.225948530567 0.000000000000 0.000000000000
-229.242983495290 -0.017034964723 -0.017034964723
-229.242051209694 -0.016102679128 0.000932285596

trimer_sub3f_4_5230-130
-229.225948530567 0.000000000000 0.000000000000
-229.242983495270 -0.017034964703 -0.017034964703
-229.242051209685 -0.016102679118 0.000932285585

trimer_sub3f_4_5230-131
-229.225948530567 0.000000000000 0.000000000000
-229.242983495239 -0.017034964673 -0.017034964673
-229.242051209653 -0.016102679086 0.000932285586

trimer_sub3f_4_5230-132
-229.225948530567 0.000000000000 0.000000000000
-229.242983495252 -0.017034964686 -0.017034964686
-229.242051209677 -0.016102679110 0.000932285575

trimer_sub3f_4_5230-133
-229.225948530567 0.000000000000 0.000000000000
-229.242983495209 -0.017034964643 -0.017034964643
-229.242051209637 -0.016102679071 0.000932285572

trimer_sub3f_4_5230-134
-229.225948530567 0.000000000000 0.000000000000
-229.242983495229 -0.017034964663 -0.017034964663
-229.242051209657 -0.016102679090 0.000932285572

trimer_sub3f_4_5230-135
-229.225948530567 0.000000000000 0.000000000000
-229.242983495300 -0.017034964734 -0.017034964734
-229.242051209687 -0.016102679121 0.000932285613

trimer_sub3f_4_5230-136
-229.225948530567 0.000000000000 0.000000000000
-229.242983495267 -0.017034964700 -0.017034964700
-229.242051209667 -0.016102679100 0.000932285600

trimer_sub3f_4_5230-137
-229.225948530567 0.000000000000 0.000000000000
-229.242983495242 -0.017034964676 -0.017034964676
-229.242051209632 -0.016102679066 0.000932285610

trimer_sub3f_4_5230-138
-229.225948530567 0.000000000000 0.000000000000
-229.242983495253 -0.017034964686 -0.017034964686
-229.242051209719 -0.016102679152 0.000932285534

trimer_sub3f_4_5230-139
-229.225948530567 0.000000000000 0.000000000000
-229.242983495269 -0.017034964703 -0.017034964703
-229.242051209677 -0.016102679110 0.000932285592

trimer_sub3f_4_5230-140
-229.225948530567 0.000000000000 0.000000000000
-229.242983495219 -0.017034964653 -0.017034964653
-229.242051209620 -0.016102679053 0.000932285600

trimer_sub3f_4_5230-141
-229.225948530567 0.000000000000 0.000000000000
-229.242983495280 -0.017034964714 -0.017034964714
-229.242051209692 -0.016102679125 0.000932285589

trimer_sub3f_4_5230-142
-229.225948530567 0.000000000000 0.000000000000
-229.242983495210 -0.017034964643 -0.017034964643
-229.242051209635 -0.016102679068 0.000932285575

trimer_sub3f_4_5230-143
-229.225948530567 0.000000000000 0.000000000000
-229.242983495241 -0.017034964675 -0.017034964675
-229.242051209713 -0.016102679146 0.000932285528

trimer_sub3f_4_5230-144
-229.225948530567 0.000000000000 0.000000000000
-229.242983495230 -0.017034964663 -0.017034964663
-229.242051209641 -0.016102679075 0.000932285589

trimer_sub3f_4_5230-145
-229.225948530567 0.000000000000 0.000000000000
-229.242983495285 -0.017034964719 -0.017034964719
-229.242051209711 -0.016102679144 0.000932285574

trimer_sub3f_4_5230-146
-229.225948530567 0.000000000000 0.000000000000
-229.242983495247 -0.017034964681 -0.017034964681
-229.242051209675 -0.016102679109 0.000932285572

trimer_sub3f_4_5230-147
-229.225948530567 0.000000000000 0.000000000000
-229.242983495236 -0.017034964669 -0.017034964669
-229.242051209664 -0.016102679097 0.000932285572

trimer_sub3f_4_5230-148
-229.225948530567 0.000000000000 0.000000000000
-229.242983495244 -0.017034964678 -0.017034964678
-229.242051209652 -0.016102679085 0.000932285593

trimer_sub3f_4_5230-149
-229.225948530567 0.000000000000 0.000000000000
-229.242983495264 -0.017034964698 -0.017034964698
-229.242051209672 -0.016102679105 0.000932285592

trimer_sub3f_4_5230-150
-229.225948530567 0.000000000000 0.000000000000
-229.242983495225 -0.017034964659 -0.017034964659
-229.242051209653 -0.016102679087 0.000932285572

trimer_sub3f_4_5230-151
-229.225948530567 0.000000000000 0.000000000000
-229.242983495227 -0.017034964661 -0.017034964661
-229.242051209667 -0.016102679100 0.000932285561

trimer_sub3f_4_5230-152
-229.225948530567 0.000000000000 0.000000000000
-229.242983495246 -0.017034964679 -0.017034964679
-229.242051209687 -0.016102679120 0.000932285559

trimer_sub3f_4_5230-153
-229.225948530567 0.000000000000 0.000000000000
-229.242983495266 -0.017034964699 -0.017034964699
-229.242051209694 -0.016102679128 0.000932285572

trimer_sub3f_4_5230-154
-229.225948530567 0.000000000000 0.000000000000
-229.242983495224 -0.017034964658 -0.017034964658
-229.242051209634 -0.016102679067 0.000932285590

trimer_sub3f_4_5230-155
-229.225948530567 0.000000000000 0.000000000000
-229.242983495287 -0.017034964721 -0.017034964721
-229.242051209678 -0.016102679111 0.000932285610

trimer_sub3f_4_5230-156
-229.225948530567 0.000000000000 0.000000000000
-229.242983495264 -0.017034964697 -0.017034964697
-229.242051209686 -0.016102679120 0.000932285577

trimer_sub3f_4_5230-157
-229.225948530567 0.000000000000 0.000000000000
-229.242983495237 -0.017034964670 -0.017034964670
-229.242051209676 -0.016102679109 0.000932285561

trimer_sub3f_4_5230-158
-229.225948530567 0.000000000000 0.000000000000
-229.242983495233 -0.017034964667 -0.017034964667
-229.242051209695 -0.016102679128 0.000932285539

trimer_sub3f_4_5230-159
-229.225948530567 0.000000000000 0.000000000000
-229.242983495245 -0.017034964678 -0.017034964678
-229.242051209673 -0.016102679106 0.000932285572

trimer_sub3f_4_5230-160
-229.225948530567 0.000000000000 0.000000000000
-229.242983495284 -0.017034964718 -0.017034964718
-229.242051209711 -0.016102679145 0.000932285573

trimer_sub3f_4_5230-161
-229.225948530567 0.000000000000 0.000000000000
-229.242983495289 -0.017034964722 -0.017034964722
-229.242051209722 -0.016102679155 0.000932285567

trimer_sub3f_4_5230-162
-229.225948530567 0.000000000000 0.000000000000
-229.242983495246 -0.017034964679 -0.017034964679
-229.242051209648 -0.016102679081 0.000932285598

trimer_sub3f_4_5230-163
-229.225948530567 0.000000000000 0.000000000000
-229.242983495246 -0.017034964679 -0.017034964679
-229.242051209661 -0.016102679095 0.000932285584

trimer_sub3f_4_5230-164
-229.225948530567 0.000000000000 0.000000000000
-229.242983495281 -0.017034964715 -0.017034964715
-229.242051209723 -0.016102679157 0.000932285558

trimer_sub3f_4_5230-165
-229.225948530567 0.000000000000 0.000000000000
-229.242983495248 -0.017034964682 -0.017034964682
-229.242051209676 -0.016102679110 0.000932285572

trimer_sub3f_4_5230-166
-229.225948530567 0.000000000000 0.000000000000
-229.242983495224 -0.017034964657 -0.017034964657
-229.242051209689 -0.016102679123 0.000932285534

trimer_sub3f_4_5230-167
-229.225948530567 0.000000000000 0.000000000000
-229.242983495259 -0.017034964692 -0.017034964692
-229.242051209715 -0.016102679148 0.000932285544

trimer_sub3f_4_5230-168
-229.225948530567 0.000000000000 0.000000000000
-229.242983495266 -0.017034964699 -0.017034964699
-229.242051209716 -0.016102679149 0.000932285550

trimer_sub3f_4_5230-169
-229.225948530567 0.000000000000 0.000000000000
-229.242983495199 -0.017034964633 -0.017034964633
-229.242051209627 -0.016102679061 0.000932285572

trimer_sub3f_4_5230-170
-229.225948530567 0.000000000000 0.000000000000
-229.242983495226 -0.017034964659 -0.017034964659
-229.242051209686 -0.016102679119 0.000932285540

trimer_sub3f_4_5230-171
-229.225948530567 0.000000000000 0.000000000000
-229.242983495258 -0.017034964691 -0.017034964691
-229.242051209697 -0.016102679131 0.000932285561

trimer_sub3f_4_5230-172
-229.225948530567 0.000000000000 0.000000000000
-229.242983495288 -0.017034964721 -0.017034964721
-229.242051209706 -0.016102679140 0.000932285581

trimer_sub3f_4_5230-173
-229.225948530567 0.000000000000 0.000000000000
-229.242983495231 -0.017034964664 -0.017034964664
-229.242051209658 -0.016102679091 0.000932285573

trimer_sub3f_4_5230-174
-229.225948530567 0.000000000000 0.000000000000
-229.242983495257 -0.017034964691 -0.017034964691
-229.242051209685 -0.016102679119 0.000932285572

trimer_sub3f_4_5230-175
-229.225948530567 0.000000000000 0.000000000000
-229.242983495241 -0.017034964674 -0.017034964674
-229.242051209701 -0.016102679134 0.000932285540

trimer_sub3f_4_5230-176
-229.225948530567 0.000000000000 0.000000000000
-229.242983495241 -0.017034964675 -0.017034964675
-229.242051209629 -0.016102679063 0.000932285612

trimer_sub3f_4_5230-177
-229.225948530567 0.000000000000 0.000000000000
-229.242983495288 -0.017034964721 -0.017034964721
-229.242051209706 -0.016102679139 0.000932285582

trimer_sub3f_4_5230-178
-229.225948530567 0.000000000000 0.000000000000
-229.242983495291 -0.017034964724 -0.017034964724
-229.242051209719 -0.016102679152 0.000932285572

trimer_sub3f_4_5230-179
-229.225948530567 0.000000000000 0.000000000000
-229.242983495205 -0.017034964639 -0.017034964639
-229.242051209621 -0.016102679054 0.000932285585

trimer_sub3f_4_5230-180
-229.225948530567 0.000000000000 0.000000000000
-229.242983495287 -0.017034964721 -0.017034964721
-229.242051209703 -0.016102679137 0.000932285584

trimer_sub3f_4_5230-181
-229.225948530567 0.000000000000 0.000000000000
-229.242983495225 -0.017034964658 -0.017034964658
-229.242051209653 -0.016102679086 0.000932285572

trimer_sub3f_4_5230-182
-229.225948530567 0.000000000000 0.000000000000
-229.242983495258 -0.017034964692 -0.017034964692
-229.242051209654 -0.016102679088 0.000932285604

trimer_sub3f_4_5230-183
-229.225948530567 0.000000000000 0.000000000000
-229.242983495248 -0.017034964681 -0.017034964681
-229.242051209715 -0.016102679148 0.000932285533

trimer_sub3f_4_5230-184
-229.225948530567 0.000000000000 0.000000000000
-229.242983495254 -0.017034964687 -0.017034964687
-229.242051209666 -0.016102679099 0.000932285588

trimer_sub3f_4_5230-185
-229.225948530567 0.000000000000 0.000000000000
-229.242983495210 -0.017034964643 -0.017034964643
-229.242051209613 -0.016102679047 0.000932285597

trimer_sub3f_4_5230-186
-229.225948530567 0.000000000000 0.000000000000
-229.242983495289 -0.017034964722 -0.017034964722
-229.242051209678 -0.016102679112 0.000932285611

trimer_sub3f_4_5230-187
-229.225948530567 0.000000000000 0.000000000000
-229.242983495257 -0.017034964690 -0.017034964690
-229.242051209671 -0.016102679105 0.000932285586

trimer_sub3f_4_5230-188
-229.225948530567 0.000000000000 0.000000000000
-229.242983495325 -0.017034964758 -0.017034964758
-229.242051209794 -0.016102679228 0.000932285531

trimer_sub3f_4_5230-189
-229.225948530567 0.000000000000 0.000000000000
-229.242983495269 -0.017034964702 -0.017034964702
-229.242051209691 -0.016102679124 0.000932285578

trimer_sub3f_4_5230-190
-229.225948530567 0.000000000000 0.000000000000
-229.242983495240 -0.017034964674 -0.017034964674
-229.242051209668 -0.016102679102 0.000932285572

trimer_sub3f_4_5230-191
-229.225948530567 0.000000000000 0.000000000000
-229.242983495263 -0.017034964696 -0.017034964696
-229.242051209654 -0.016102679088 0.000932285609

trimer_sub3f_4_5230-192
-229.225948530567 0.000000000000 0.000000000000
-229.242983495280 -0.017034964714 -0.017034964714
-229.242051209688 -0.016102679121 0.000932285592

trimer_sub3f_4_5230-193
-229.225948530567 0.000000000000 0.000000000000
-229.242983495249 -0.017034964682 -0.017034964682
-229.242051209660 -0.016102679093 0.000932285589

trimer_sub3f_4_5230-194
-229.225948530567 0.000000000000 0.000000000000
-229.242983495289 -0.017034964722 -0.017034964722
-229.242051209737 -0.016102679170 0.000932285552

trimer_sub3f_4_5230-195
-229.225948530567 0.000000000000 0.000000000000
-229.242983495276 -0.017034964709 -0.017034964709
-229.242051209752 -0.016102679185 0.000932285524

trimer_sub3f_4_5230-196
-229.225948530567 0.000000000000 0.000000000000
-229.242983495280 -0.017034964713 -0.017034964713
-229.242051209664 -0.016102679098 0.000932285616

trimer_sub3f_4_5230-197
-229.225948530567 0.000000000000 0.000000000000
-229.242983495264 -0.017034964698 -0.017034964698
-229.242051209692 -0.016102679126 0.000932285572

trimer_sub3f_4_5230-198
-229.225948530567 0.000000000000 0.000000000000
-229.242983495293 -0.017034964727 -0.017034964727
-229.242051209719 -0.016102679152 0.000932285574

trimer_sub3f_4_5230-199
-229.225948530567 0.000000000000 0.000000000000
-229.242983495279 -0.017034964713 -0.017034964713
-229.242051209696 -0.016102679129 0.000932285583

trimer_sub3f_4_5230-200
-229.225948530567 0.000000000000 0.000000000000
-229.242983495286 -0.017034964720 -0.017034964720
-229.242051209712 -0.016102679145 0.000932285574

trimer_sub3f_4_5230-201
-229.225948530567 0.000000000000 0.000000000000
-229.242983495223 -0.017034964656 -0.017034964656
-229.242051209665 -0.016102679098 0.000932285558

trimer_sub3f_4_5230-202
-229.225948530567 0.000000000000 0.000000000000
-229.242983495182 -0.017034964615 -0.017034964615
-229.242051209662 -0.016102679095 0.000932285520

trimer_sub3f_4_5230-203
-229.225948530567 0.000000000000 0.000000000000
-229.242983495227 -0.017034964660 -0.017034964660
-229.242051209702 -0.016102679135 0.000932285525

trimer_sub3f_4_5230-204
-229.225948530567 0.000000000000 0.000000000000
-229.242983495241 -0.017034964675 -0.017034964675
-229.242051209660 -0.016102679094 0.000932285581

trimer_sub3f_4_5230-205
-229.225948530567 0.000000000000 0.000000000000
-229.242983495213 -0.017034964646 -0.017034964646
-229.242051209640 -0.016102679074 0.000932285572

trimer_sub3f_4_5230-206
-229.225948530567 0.000000000000 0.000000000000
-229.242983495257 -0.017034964691 -0.017034964691
-229.242051209661 -0.016102679095 0.000932285596

trimer_sub3f_4_5230-207
-229.225948530567 0.000000000000 0.000000000000
-229.242983495266 -0.017034964700 -0.017034964700
-229.242051209656 -0.016102679089 0.000932285611

trimer_sub3f_4_5230-208
-229.225948530567 0.000000000000 0.000000000000
-229.242983495211 -0.017034964644 -0.017034964644
-229.242051209639 -0.016102679072 0.000932285572

trimer_sub3f_4_5230-209
-229.225948530567 0.000000000000 0.000000000000
-229.242983495285 -0.017034964719 -0.017034964719
-229.242051209702 -0.016102679136 0.000932285583

trimer_sub3f_4_5230-210
-229.225948530567 0.000000000000 0.000000000000
-229.242983495259 -0.017034964693 -0.017034964693
-229.242051209648 -0.016102679081 0.000932285612

trimer_sub3f_4_5230-211
-229.225948530567 0.000000000000 0.000000000000
-229.242983495240 -0.017034964674 -0.017034964674
-229.242051209668 -0.016102679102 0.000932285572

trimer_sub3f_4_5230-212
-229.225948530567 0.000000000000 0.000000000000
-229.242983495245 -0.017034964678 -0.017034964678
-229.242051209673 -0.016102679106 0.000932285572

trimer_sub3f_4_5230-213
-229.225948530567 0.000000000000 0.000000000000
-229.242983495264 -0.017034964698 -0.017034964698
-229.242051209740 -0.016102679173 0.000932285524

trimer_sub3f_4_5230-214
-229.225948530567 0.000000000000 0.000000000000
-229.242983495290 -0.017034964723 -0.017034964723
-229.242051209731 -0.016102679164 0.000932285559

trimer_sub3f_4_5230-215
-229.225948530567 0.000000000000 0.000000000000
-229.242983495240 -0.017034964674 -0.017034964674
-229.242051209696 -0.016102679129 0.000932285544

trimer_sub3f_4_5230-216
-229.225948530567 0.000000000000 0.000000000000
-229.242983495279 -0.017034964713 -0.017034964713
-229.242051209686 -0.016102679120 0.000932285593

trimer_sub3f_4_5230-217
-229.225948530567 0.000000000000 0.000000000000
-229.242983495246 -0.017034964680 -0.017034964680
-229.242051209705 -0.016102679138 0.000932285541

trimer_sub3f_4_5230-218
-229.225948530567 0.000000000000 0.000000000000
-229.242983495299 -0.017034964732 -0.017034964732
-229.242051209717 -0.016102679150 0.000932285582

trimer_sub3f_4_5230-219
-229.225948530567 0.000000000000 0.000000000000
-229.242983495248 -0.017034964681 -0.017034964681
-229.242051209628 -0.016102679061 0.000932285620

trimer_sub3f_4_5230-220
-229.225948530567 0.000000000000 0.000000000000
-229.242983495268 -0.017034964702 -0.017034964702
-229.242051209690 -0.016102679123 0.000932285579

trimer_sub3f_4_5230-221
-229.225948530567 0.000000000000 0.000000000000
-229.242983495313 -0.017034964747 -0.017034964747
-229.242051209709 -0.016102679143 0.000932285604

trimer_sub3f_4_5230-222
-229.225948530567 0.000000000000 0.000000000000
-229.242983495211 -0.017034964644 -0.017034964644
-229.242051209659 -0.016102679092 0.000932285552

trimer_sub3f_4_5230-223
-229.225948530567 0.000000000000 0.000000000000
-229.242983495229 -0.017034964662 -0.017034964662
-229.242051209683 -0.016102679117 0.000932285546

trimer_sub3f_4_5230-224
-229.225948530567 0.000000000000 0.000000000000
-229.242983495273 -0.017034964707 -0.017034964707
-229.242051209680 -0.016102679114 0.000932285593

trimer_sub3f_4_5230-225
-229.225948530567 0.000000000000 0.000000000000
-229.242983495266 -0.017034964700 -0.017034964700
-229.242051209682 -0.016102679115 0.000932285585

trimer_sub3f_4_5230-226
-229.225948530567 0.000000000000 0.000000000000
-229.242983495240 -0.017034964673 -0.017034964673
-229.242051209667 -0.016102679101 0.000932285572

trimer_sub3f_4_5230-227
-229.225948530567 0.000000000000 0.000000000000
-229.242983495266 -0.017034964700 -0.017034964700
-229.242051209666 -0.016102679100 0.000932285600

trimer_sub3f_4_5230-228
-229.225948530567 0.000000000000 0.000000000000
-229.242983495263 -0.017034964697 -0.017034964697
-229.242051209687 -0.016102679120 0.000932285577

trimer_sub3f_4_5230-229
-229.225948530567 0.000000000000 0.000000000000
-229.242983495252 -0.017034964685 -0.017034964685
-229.242051209675 -0.016102679109 0.000932285577

trimer_sub3f_4_5230-230
-229.225948530567 0.000000000000 0.000000000000
-229.242983495264 -0.017034964697 -0.017034964697
-229.242051209655 -0.016102679088 0.000932285609

